{"/var/www/projects/cep-geocode/lib/index.ts": {"path":"/var/www/projects/cep-geocode/lib/index.ts","statementMap":{"0":{"start":{"line":13,"column":19},"end":{"line":16,"column":null}},"1":{"start":{"line":18,"column":2},"end":{"line":25,"column":null}},"2":{"start":{"line":19,"column":4},"end":{"line":24,"column":null}},"3":{"start":{"line":20,"column":22},"end":{"line":20,"column":null}},"4":{"start":{"line":21,"column":6},"end":{"line":21,"column":null}},"5":{"start":{"line":27,"column":2},"end":{"line":35,"column":null}},"6":{"start":{"line":28,"column":20},"end":{"line":28,"column":null}},"7":{"start":{"line":30,"column":4},"end":{"line":34,"column":null}},"8":{"start":{"line":37,"column":2},"end":{"line":37,"column":null}}},"fnMap":{"0":{"name":"cepGeocode","decl":{"start":{"line":9,"column":22},"end":{"line":9,"column":null}},"loc":{"start":{"line":12,"column":38},"end":{"line":38,"column":null}},"line":12}},"branchMap":{"0":{"loc":{"start":{"line":27,"column":2},"end":{"line":35,"column":null}},"type":"if","locations":[{"start":{"line":27,"column":2},"end":{"line":35,"column":null}},{"start":{},"end":{}}],"line":27}},"s":{"0":5,"1":5,"2":9,"3":9,"4":3,"5":2,"6":1,"7":1,"8":1},"f":{"0":5},"b":{"0":[1,1]},"meta":{"lastBranch":1,"lastFunction":1,"lastStatement":9,"seen":{"f:9:22:9:Infinity":0,"s:13:19:16:Infinity":0,"s:18:2:25:Infinity":1,"s:19:4:24:Infinity":2,"s:20:22:20:Infinity":3,"s:21:6:21:Infinity":4,"b:27:2:35:Infinity:undefined:undefined:undefined:undefined":0,"s:27:2:35:Infinity":5,"s:28:20:28:Infinity":6,"s:30:4:34:Infinity":7,"s:37:2:37:Infinity":8}}}
,"/var/www/projects/cep-geocode/lib/exceptions/address-not-found.exception.ts": {"path":"/var/www/projects/cep-geocode/lib/exceptions/address-not-found.exception.ts","statementMap":{"0":{"start":{"line":3,"column":4},"end":{"line":3,"column":null}},"1":{"start":{"line":5,"column":4},"end":{"line":5,"column":null}}},"fnMap":{"0":{"name":"(anonymous_0)","decl":{"start":{"line":2,"column":2},"end":{"line":2,"column":16}},"loc":{"start":{"line":2,"column":16},"end":{"line":6,"column":null}},"line":2}},"branchMap":{},"s":{"0":1,"1":1},"f":{"0":1},"b":{},"meta":{"lastBranch":0,"lastFunction":1,"lastStatement":2,"seen":{"f:2:2:2:16":0,"s:3:4:3:Infinity":0,"s:5:4:5:Infinity":1}}}
,"/var/www/projects/cep-geocode/lib/exceptions/invalid-response.exception.ts": {"path":"/var/www/projects/cep-geocode/lib/exceptions/invalid-response.exception.ts","statementMap":{"0":{"start":{"line":3,"column":4},"end":{"line":3,"column":null}},"1":{"start":{"line":5,"column":4},"end":{"line":5,"column":null}}},"fnMap":{"0":{"name":"(anonymous_0)","decl":{"start":{"line":2,"column":2},"end":{"line":2,"column":16}},"loc":{"start":{"line":2,"column":16},"end":{"line":6,"column":null}},"line":2}},"branchMap":{},"s":{"0":1,"1":1},"f":{"0":1},"b":{},"meta":{"lastBranch":0,"lastFunction":1,"lastStatement":2,"seen":{"f:2:2:2:16":0,"s:3:4:3:Infinity":0,"s:5:4:5:Infinity":1}}}
,"/var/www/projects/cep-geocode/lib/exceptions/key-missing.exception.ts": {"path":"/var/www/projects/cep-geocode/lib/exceptions/key-missing.exception.ts","statementMap":{"0":{"start":{"line":3,"column":4},"end":{"line":3,"column":null}},"1":{"start":{"line":5,"column":4},"end":{"line":5,"column":null}}},"fnMap":{"0":{"name":"(anonymous_0)","decl":{"start":{"line":2,"column":2},"end":{"line":2,"column":16}},"loc":{"start":{"line":2,"column":16},"end":{"line":6,"column":null}},"line":2}},"branchMap":{},"s":{"0":0,"1":0},"f":{"0":0},"b":{},"meta":{"lastBranch":0,"lastFunction":1,"lastStatement":2,"seen":{"f:2:2:2:16":0,"s:3:4:3:Infinity":0,"s:5:4:5:Infinity":1}}}
,"/var/www/projects/cep-geocode/lib/services/awesome/awesome.service.ts": {"path":"/var/www/projects/cep-geocode/lib/services/awesome/awesome.service.ts","statementMap":{"0":{"start":{"line":18,"column":0},"end":{"line":18,"column":null}},"1":{"start":{"line":20,"column":27},"end":{"line":20,"column":null}},"2":{"start":{"line":23,"column":17},"end":{"line":23,"column":null}},"3":{"start":{"line":25,"column":4},"end":{"line":33,"column":null}},"4":{"start":{"line":19,"column":7},"end":{"line":19,"column":13}},"5":{"start":{"line":19,"column":13},"end":{"line":19,"column":36}},"6":{"start":{"line":19,"column":7},"end":{"line":19,"column":36}}},"fnMap":{"0":{"name":"(anonymous_0)","decl":{"start":{"line":22,"column":8},"end":{"line":22,"column":16}},"loc":{"start":{"line":22,"column":29},"end":{"line":34,"column":null}},"line":22}},"branchMap":{},"s":{"0":2,"1":1,"2":1,"3":1,"4":2,"5":2,"6":2},"f":{"0":1},"b":{},"meta":{"lastBranch":0,"lastFunction":1,"lastStatement":7,"seen":{"s:18:0:18:Infinity":0,"s:20:27:20:Infinity":1,"f:22:8:22:16":0,"s:23:17:23:Infinity":2,"s:25:4:33:Infinity":3,"s:19:7:19:13":4,"s:19:13:19:36":5,"s:19:7:19:36":6}}}
,"/var/www/projects/cep-geocode/lib/services/base/base.service.ts": {"path":"/var/www/projects/cep-geocode/lib/services/base/base.service.ts","statementMap":{"0":{"start":{"line":11,"column":20},"end":{"line":19,"column":null}},"1":{"start":{"line":32,"column":21},"end":{"line":34,"column":null}},"2":{"start":{"line":36,"column":18},"end":{"line":36,"column":null}},"3":{"start":{"line":38,"column":4},"end":{"line":38,"column":null}},"4":{"start":{"line":42,"column":4},"end":{"line":46,"column":null}},"5":{"start":{"line":43,"column":6},"end":{"line":45,"column":null}},"6":{"start":{"line":44,"column":8},"end":{"line":44,"column":null}},"7":{"start":{"line":48,"column":4},"end":{"line":48,"column":null}}},"fnMap":{"0":{"name":"(anonymous_0)","decl":{"start":{"line":31,"column":18},"end":{"line":31,"column":22}},"loc":{"start":{"line":31,"column":47},"end":{"line":39,"column":null}},"line":31},"1":{"name":"(anonymous_1)","decl":{"start":{"line":41,"column":12},"end":{"line":41,"column":19}},"loc":{"start":{"line":41,"column":43},"end":{"line":49,"column":null}},"line":41},"2":{"name":"(anonymous_2)","decl":{"start":{"line":42,"column":17},"end":{"line":42,"column":18}},"loc":{"start":{"line":42,"column":26},"end":{"line":46,"column":5}},"line":42}},"branchMap":{"0":{"loc":{"start":{"line":43,"column":6},"end":{"line":45,"column":null}},"type":"if","locations":[{"start":{"line":43,"column":6},"end":{"line":45,"column":null}},{"start":{},"end":{}}],"line":43}},"s":{"0":3,"1":3,"2":3,"3":3,"4":2,"5":14,"6":0,"7":2},"f":{"0":3,"1":2,"2":14},"b":{"0":[0,14]},"meta":{"lastBranch":1,"lastFunction":3,"lastStatement":8,"seen":{"s:11:20:19:Infinity":0,"f:31:18:31:22":0,"s:32:21:34:Infinity":1,"s:36:18:36:Infinity":2,"s:38:4:38:Infinity":3,"f:41:12:41:19":1,"s:42:4:46:Infinity":4,"f:42:17:42:18":2,"b:43:6:45:Infinity:undefined:undefined:undefined:undefined":0,"s:43:6:45:Infinity":5,"s:44:8:44:Infinity":6,"s:48:4:48:Infinity":7}}}
,"/var/www/projects/cep-geocode/lib/services/nominatim/nominatim.service.ts": {"path":"/var/www/projects/cep-geocode/lib/services/nominatim/nominatim.service.ts","statementMap":{"0":{"start":{"line":21,"column":0},"end":{"line":21,"column":null}},"1":{"start":{"line":24,"column":4},"end":{"line":24,"column":null}},"2":{"start":{"line":27,"column":17},"end":{"line":27,"column":null}},"3":{"start":{"line":29,"column":28},"end":{"line":29,"column":null}},"4":{"start":{"line":31,"column":4},"end":{"line":33,"column":null}},"5":{"start":{"line":32,"column":6},"end":{"line":32,"column":null}},"6":{"start":{"line":35,"column":20},"end":{"line":35,"column":null}},"7":{"start":{"line":37,"column":4},"end":{"line":45,"column":null}},"8":{"start":{"line":22,"column":7},"end":{"line":22,"column":13}},"9":{"start":{"line":22,"column":13},"end":{"line":22,"column":38}},"10":{"start":{"line":22,"column":7},"end":{"line":22,"column":38}}},"fnMap":{"0":{"name":"(anonymous_0)","decl":{"start":{"line":26,"column":15},"end":{"line":26,"column":23}},"loc":{"start":{"line":26,"column":36},"end":{"line":46,"column":null}},"line":26}},"branchMap":{"0":{"loc":{"start":{"line":31,"column":4},"end":{"line":33,"column":null}},"type":"if","locations":[{"start":{"line":31,"column":4},"end":{"line":33,"column":null}},{"start":{},"end":{}}],"line":31}},"s":{"0":2,"1":2,"2":2,"3":2,"4":2,"5":1,"6":1,"7":1,"8":2,"9":2,"10":2},"f":{"0":2},"b":{"0":[1,1]},"meta":{"lastBranch":1,"lastFunction":1,"lastStatement":11,"seen":{"s:21:0:21:Infinity":0,"s:24:4:24:Infinity":1,"f:26:15:26:23":0,"s:27:17:27:Infinity":2,"s:29:28:29:Infinity":3,"b:31:4:33:Infinity:undefined:undefined:undefined:undefined":0,"s:31:4:33:Infinity":4,"s:32:6:32:Infinity":5,"s:35:20:35:Infinity":6,"s:37:4:45:Infinity":7,"s:22:7:22:13":8,"s:22:13:22:38":9,"s:22:7:22:38":10}}}
}
